Determining if the pthread_create exist failed with the following output:
Change Dir: /home/judge_hpccourse/angelica/openCV/build/CMakeFiles/CMakeTmp

Run Build Command:"/usr/bin/make" "cmTC_95992/fast"
/usr/bin/make -f CMakeFiles/cmTC_95992.dir/build.make CMakeFiles/cmTC_95992.dir/build
make[1]: Entering directory `/home/judge_hpccourse/angelica/openCV/build/CMakeFiles/CMakeTmp'
Building C object CMakeFiles/cmTC_95992.dir/CheckSymbolExists.c.o
/usr/bin/cc   -fPIC    -o CMakeFiles/cmTC_95992.dir/CheckSymbolExists.c.o   -c /home/judge_hpccourse/angelica/openCV/build/CMakeFiles/CMakeTmp/CheckSymbolExists.c
Linking C executable cmTC_95992
/usr/local/bin/cmake -E cmake_link_script CMakeFiles/cmTC_95992.dir/link.txt --verbose=1
/usr/bin/cc  -fPIC     CMakeFiles/cmTC_95992.dir/CheckSymbolExists.c.o  -o cmTC_95992 -rdynamic 
CMakeFiles/cmTC_95992.dir/CheckSymbolExists.c.o: In function `main':
CheckSymbolExists.c:(.text+0x1b): undefined reference to `pthread_create'
collect2: error: ld returned 1 exit status
make[1]: Leaving directory `/home/judge_hpccourse/angelica/openCV/build/CMakeFiles/CMakeTmp'
make[1]: *** [cmTC_95992] Error 1
make: *** [cmTC_95992/fast] Error 2

File /home/judge_hpccourse/angelica/openCV/build/CMakeFiles/CMakeTmp/CheckSymbolExists.c:
/* */
#include <pthread.h>

int main(int argc, char** argv)
{
  (void)argv;
#ifndef pthread_create
  return ((int*)(&pthread_create))[argc];
#else
  (void)argc;
  return 0;
#endif
}

Determining if the function pthread_create exists in the pthreads failed with the following output:
Change Dir: /home/judge_hpccourse/angelica/openCV/build/CMakeFiles/CMakeTmp

Run Build Command:"/usr/bin/make" "cmTC_5c2a5/fast"
/usr/bin/make -f CMakeFiles/cmTC_5c2a5.dir/build.make CMakeFiles/cmTC_5c2a5.dir/build
make[1]: Entering directory `/home/judge_hpccourse/angelica/openCV/build/CMakeFiles/CMakeTmp'
Building C object CMakeFiles/cmTC_5c2a5.dir/CheckFunctionExists.c.o
/usr/bin/cc   -fPIC -DCHECK_FUNCTION_EXISTS=pthread_create   -o CMakeFiles/cmTC_5c2a5.dir/CheckFunctionExists.c.o   -c /usr/local/share/cmake-3.3/Modules/CheckFunctionExists.c
Linking C executable cmTC_5c2a5
/usr/local/bin/cmake -E cmake_link_script CMakeFiles/cmTC_5c2a5.dir/link.txt --verbose=1
/usr/bin/cc  -fPIC -DCHECK_FUNCTION_EXISTS=pthread_create    CMakeFiles/cmTC_5c2a5.dir/CheckFunctionExists.c.o  -o cmTC_5c2a5 -rdynamic -lpthreads 
/usr/bin/ld: cannot find -lpthreads
collect2: error: ld returned 1 exit status
make[1]: *** [cmTC_5c2a5] Error 1
make[1]: Leaving directory `/home/judge_hpccourse/angelica/openCV/build/CMakeFiles/CMakeTmp'
make: *** [cmTC_5c2a5/fast] Error 2


